Java HotSpot(TM) 64-Bit Server VM warning: ignoring option MaxPermSize=384m; support was removed in 8.0
[0m[[0minfo[0m] [0mLoading project definition from /Users/y/pubcodes/bonecp-timeout-reproduce/project[0m
[0m[[0minfo[0m] [0mSet current project to bonecp-timeout-reproduce (in build file:/Users/y/pubcodes/bonecp-timeout-reproduce/)[0m
[0m[[0minfo[0m] [0mUpdating {file:/Users/y/pubcodes/bonecp-timeout-reproduce/}bonecp-timeout-reproduce...[0m
[0m[[0minfo[0m] [0mResolving org.scala-lang#scala-library;2.10.4 ...[0m
M[2K[0m[[0minfo[0m] [0mResolving com.jolbox#bonecp;0.7.1.RELEASE ...[0m
M[2K[0m[[0minfo[0m] [0mResolving com.google.guava#guava;r08 ...[0m
M[2K[0m[[0minfo[0m] [0mResolving org.slf4j#slf4j-api;1.5.10 ...[0m
M[2K[0m[[0minfo[0m] [0mResolving mysql#mysql-connector-java;5.1.36 ...[0m
M[2K[0m[[0minfo[0m] [0mResolving org.slf4j#slf4j-api;1.7.12 ...[0m
M[2K[0m[[0minfo[0m] [0mResolving org.scala-lang#scala-compiler;2.10.4 ...[0m
M[2K[0m[[0minfo[0m] [0mResolving org.scala-lang#scala-reflect;2.10.4 ...[0m
M[2K[0m[[0minfo[0m] [0mResolving org.scala-lang#jline;2.10.4 ...[0m
M[2K[0m[[0minfo[0m] [0mResolving org.fusesource.jansi#jansi;1.4 ...[0m
[0m[[0minfo[0m] [0mDone updating.[0m
[0m[[0minfo[0m] [0mRunning BoneCpTimeoutReproduce [0m
SLF4J: Failed to load class "org.slf4j.impl.StaticLoggerBinder".
SLF4J: Defaulting to no-operation (NOP) logger implementation
SLF4J: See http://www.slf4j.org/codes.html#StaticLoggerBinder for further details.
Wed Aug 12 23:34:53 PDT 2015 tid=45, value=1
[0m[[31merror[0m] [0m(run-main-0) java.sql.SQLException: Timed out waiting for a free available connection.[0m
java.sql.SQLException: Timed out waiting for a free available connection.
	at com.jolbox.bonecp.BoneCP.getConnection(BoneCP.java:503)
	at BoneCpTimeoutReproduce$.runQuery(BoneCpTimeoutReproduce.scala:42)
	at BoneCpTimeoutReproduce$.testcon1(BoneCpTimeoutReproduce.scala:35)
	at BoneCpTimeoutReproduce$.main(BoneCpTimeoutReproduce.scala:8)
	at BoneCpTimeoutReproduce.main(BoneCpTimeoutReproduce.scala)
	at sun.reflect.NativeMethodAccessorImpl.invoke0(Native Method)
	at sun.reflect.NativeMethodAccessorImpl.invoke(NativeMethodAccessorImpl.java:62)
	at sun.reflect.DelegatingMethodAccessorImpl.invoke(DelegatingMethodAccessorImpl.java:43)
	at java.lang.reflect.Method.invoke(Method.java:497)
[0m[[31mtrace[0m] [0mStack trace suppressed: run [34mlast compile:run[0m for the full output.[0m
java.lang.RuntimeException: Nonzero exit code: 1
	at scala.sys.package$.error(package.scala:27)
[0m[[31mtrace[0m] [0mStack trace suppressed: run [34mlast compile:run[0m for the full output.[0m
[0m[[31merror[0m] [0m(compile:[31mrun[0m) Nonzero exit code: 1[0m
[0m[[31merror[0m] [0mTotal time: 64 s, completed 2015-8-12 23:35:54[0m
